2020/05/26 15:31:28 DEBUG : rclone: Version "v1.51.0" starting with parameters ["rclone" "copy" "c:/laragon/www/alixcannet/source/assets/media" "BackBlazeMulti:AlixSite" "--transfers=1" "-vv" "--log-file=c:/laragon/www/alixcannet/source/assets/rclone.log"]
2020/05/26 15:31:28 DEBUG : Using config file from "C:\\Users\\Orjinal\\.config\\rclone\\rclone.conf"
2020/05/26 15:31:30 INFO  : B2 bucket AlixSite: Waiting for checks to finish
2020/05/26 15:31:30 INFO  : B2 bucket AlixSite: Waiting for transfers to finish
2020/05/26 15:31:31 DEBUG : Screenshot_12.png: SHA-1 = 48c68c5eb54f8256bb3250ce160e98ec304dc832 OK
2020/05/26 15:31:31 INFO  : Screenshot_12.png: Copied (new)
2020/05/26 15:31:31 INFO  : 
Transferred:   	   67.010k / 67.010 kBytes, 100%, 105.193 kBytes/s, ETA 0s
Transferred:            1 / 1, 100%
Elapsed time:         0.6s

2020/05/26 15:31:31 DEBUG : 9 go routines active
2020/05/26 15:31:31 DEBUG : rclone: Version "v1.51.0" finishing with parameters ["rclone" "copy" "c:/laragon/www/alixcannet/source/assets/media" "BackBlazeMulti:AlixSite" "--transfers=1" "-vv" "--log-file=c:/laragon/www/alixcannet/source/assets/rclone.log"]
2020/05/26 15:36:12 DEBUG : rclone: Version "v1.51.0" starting with parameters ["rclone" "copy" "c:/laragon/www/alixcannet/source/assets/media" "BackBlazeMulti:AlixSite" "--transfers=1" "-vv" "--log-file=c:/laragon/www/alixcannet/source/assets/rclone.log"]
2020/05/26 15:36:12 DEBUG : Using config file from "C:\\Users\\Orjinal\\.config\\rclone\\rclone.conf"
2020/05/26 15:36:14 INFO  : B2 bucket AlixSite: Waiting for checks to finish
2020/05/26 15:36:14 DEBUG : Screenshot_12.png: Size and modification time the same (differ by 0s, within tolerance 1ms)
2020/05/26 15:36:14 DEBUG : Screenshot_12.png: Unchanged skipping
2020/05/26 15:36:14 INFO  : B2 bucket AlixSite: Waiting for transfers to finish
2020/05/26 15:36:14 INFO  : 
Transferred:   	         0 / 0 Bytes, -, 0 Bytes/s, ETA -
Checks:                 1 / 1, 100%
Elapsed time:         0.0s

2020/05/26 15:36:14 DEBUG : 7 go routines active
2020/05/26 15:36:14 DEBUG : rclone: Version "v1.51.0" finishing with parameters ["rclone" "copy" "c:/laragon/www/alixcannet/source/assets/media" "BackBlazeMulti:AlixSite" "--transfers=1" "-vv" "--log-file=c:/laragon/www/alixcannet/source/assets/rclone.log"]
2020/05/26 15:36:39 DEBUG : rclone: Version "v1.51.0" starting with parameters ["rclone" "copy" "c:/laragon/www/alixcannet/source/assets/media" "BackBlazeMulti:AlixSite" "--transfers=1" "-vv" "--log-file=c:/laragon/www/alixcannet/source/assets/rclone.log"]
2020/05/26 15:36:39 DEBUG : Using config file from "C:\\Users\\Orjinal\\.config\\rclone\\rclone.conf"
2020/05/26 15:36:40 INFO  : B2 bucket AlixSite: Waiting for checks to finish
2020/05/26 15:36:40 DEBUG : Screenshot_12.png: Size and modification time the same (differ by 0s, within tolerance 1ms)
2020/05/26 15:36:40 DEBUG : Screenshot_12.png: Unchanged skipping
2020/05/26 15:36:40 INFO  : B2 bucket AlixSite: Waiting for transfers to finish
2020/05/26 15:36:41 DEBUG : post-cover-image-2.png: SHA-1 = 3b80d1e6531f0c2cadcc182bc99a02ffd50bdadf OK
2020/05/26 15:36:41 INFO  : post-cover-image-2.png: Copied (new)
2020/05/26 15:36:41 INFO  : 
Transferred:   	   71.105k / 71.105 kBytes, 100%, 88.856 kBytes/s, ETA 0s
Checks:                 1 / 1, 100%
Transferred:            1 / 1, 100%
Elapsed time:         0.8s

2020/05/26 15:36:41 DEBUG : 11 go routines active
2020/05/26 15:36:41 DEBUG : rclone: Version "v1.51.0" finishing with parameters ["rclone" "copy" "c:/laragon/www/alixcannet/source/assets/media" "BackBlazeMulti:AlixSite" "--transfers=1" "-vv" "--log-file=c:/laragon/www/alixcannet/source/assets/rclone.log"]
2020/05/26 15:37:06 DEBUG : rclone: Version "v1.51.0" starting with parameters ["rclone" "copy" "c:/laragon/www/alixcannet/source/assets/media" "BackBlazeMulti:AlixSite" "--transfers=1" "-vv" "--log-file=c:/laragon/www/alixcannet/source/assets/rclone.log"]
2020/05/26 15:37:06 DEBUG : Using config file from "C:\\Users\\Orjinal\\.config\\rclone\\rclone.conf"
2020/05/26 15:37:07 INFO  : B2 bucket AlixSite: Waiting for checks to finish
2020/05/26 15:37:07 DEBUG : Screenshot_12.png: Size and modification time the same (differ by 0s, within tolerance 1ms)
2020/05/26 15:37:07 DEBUG : Screenshot_12.png: Unchanged skipping
2020/05/26 15:37:07 DEBUG : post-cover-image-2.png: Size and modification time the same (differ by 0s, within tolerance 1ms)
2020/05/26 15:37:07 DEBUG : post-cover-image-2.png: Unchanged skipping
2020/05/26 15:37:07 INFO  : B2 bucket AlixSite: Waiting for transfers to finish
2020/05/26 15:37:07 INFO  : 
Transferred:   	         0 / 0 Bytes, -, 0 Bytes/s, ETA -
Checks:                 2 / 2, 100%
Elapsed time:         0.0s

2020/05/26 15:37:07 DEBUG : 7 go routines active
2020/05/26 15:37:07 DEBUG : rclone: Version "v1.51.0" finishing with parameters ["rclone" "copy" "c:/laragon/www/alixcannet/source/assets/media" "BackBlazeMulti:AlixSite" "--transfers=1" "-vv" "--log-file=c:/laragon/www/alixcannet/source/assets/rclone.log"]
2020/05/26 15:37:16 DEBUG : rclone: Version "v1.51.0" starting with parameters ["rclone" "copy" "c:/laragon/www/alixcannet/source/assets/media" "BackBlazeMulti:AlixSite" "--transfers=1" "-vv" "--log-file=c:/laragon/www/alixcannet/source/assets/rclone.log"]
2020/05/26 15:37:16 DEBUG : Using config file from "C:\\Users\\Orjinal\\.config\\rclone\\rclone.conf"
2020/05/26 15:37:18 INFO  : B2 bucket AlixSite: Waiting for checks to finish
2020/05/26 15:37:18 DEBUG : Screenshot_12.png: Size and modification time the same (differ by 0s, within tolerance 1ms)
2020/05/26 15:37:18 DEBUG : Screenshot_12.png: Unchanged skipping
2020/05/26 15:37:18 DEBUG : post-cover-image-2.png: Size and modification time the same (differ by 0s, within tolerance 1ms)
2020/05/26 15:37:18 DEBUG : post-cover-image-2.png: Unchanged skipping
2020/05/26 15:37:18 INFO  : B2 bucket AlixSite: Waiting for transfers to finish
2020/05/26 15:37:18 INFO  : 
Transferred:   	         0 / 0 Bytes, -, 0 Bytes/s, ETA -
Checks:                 2 / 2, 100%
Elapsed time:         0.0s

2020/05/26 15:37:18 DEBUG : 7 go routines active
2020/05/26 15:37:18 DEBUG : rclone: Version "v1.51.0" finishing with parameters ["rclone" "copy" "c:/laragon/www/alixcannet/source/assets/media" "BackBlazeMulti:AlixSite" "--transfers=1" "-vv" "--log-file=c:/laragon/www/alixcannet/source/assets/rclone.log"]
2020/05/26 15:37:18 DEBUG : rclone: Version "v1.51.0" starting with parameters ["rclone" "copy" "c:/laragon/www/alixcannet/source/assets/media" "BackBlazeMulti:AlixSite" "--transfers=1" "-vv" "--log-file=c:/laragon/www/alixcannet/source/assets/rclone.log"]
2020/05/26 15:37:18 DEBUG : Using config file from "C:\\Users\\Orjinal\\.config\\rclone\\rclone.conf"
2020/05/26 15:37:19 INFO  : B2 bucket AlixSite: Waiting for checks to finish
2020/05/26 15:37:19 DEBUG : Screenshot_12.png: Size and modification time the same (differ by 0s, within tolerance 1ms)
2020/05/26 15:37:19 DEBUG : Screenshot_12.png: Unchanged skipping
2020/05/26 15:37:19 DEBUG : post-cover-image-2.png: Size and modification time the same (differ by 0s, within tolerance 1ms)
2020/05/26 15:37:19 DEBUG : post-cover-image-2.png: Unchanged skipping
2020/05/26 15:37:19 INFO  : B2 bucket AlixSite: Waiting for transfers to finish
2020/05/26 15:37:19 INFO  : 
Transferred:   	         0 / 0 Bytes, -, 0 Bytes/s, ETA -
Checks:                 2 / 2, 100%
Elapsed time:         0.0s

2020/05/26 15:37:19 DEBUG : 7 go routines active
2020/05/26 15:37:19 DEBUG : rclone: Version "v1.51.0" finishing with parameters ["rclone" "copy" "c:/laragon/www/alixcannet/source/assets/media" "BackBlazeMulti:AlixSite" "--transfers=1" "-vv" "--log-file=c:/laragon/www/alixcannet/source/assets/rclone.log"]
2020/05/26 15:37:36 DEBUG : rclone: Version "v1.51.0" starting with parameters ["rclone" "copy" "c:/laragon/www/alixcannet/source/assets/media" "BackBlazeMulti:AlixSite" "--transfers=1" "-vv" "--log-file=c:/laragon/www/alixcannet/source/assets/rclone.log"]
2020/05/26 15:37:36 DEBUG : Using config file from "C:\\Users\\Orjinal\\.config\\rclone\\rclone.conf"
2020/05/26 15:37:37 INFO  : B2 bucket AlixSite: Waiting for checks to finish
2020/05/26 15:37:37 DEBUG : Screenshot_12.png: Size and modification time the same (differ by 0s, within tolerance 1ms)
2020/05/26 15:37:37 DEBUG : Screenshot_12.png: Unchanged skipping
2020/05/26 15:37:37 DEBUG : post-cover-image-2.png: Size and modification time the same (differ by 0s, within tolerance 1ms)
2020/05/26 15:37:37 DEBUG : post-cover-image-2.png: Unchanged skipping
2020/05/26 15:37:37 INFO  : B2 bucket AlixSite: Waiting for transfers to finish
2020/05/26 15:37:37 INFO  : 
Transferred:   	         0 / 0 Bytes, -, 0 Bytes/s, ETA -
Checks:                 2 / 2, 100%
Elapsed time:         0.0s

2020/05/26 15:37:37 DEBUG : 7 go routines active
2020/05/26 15:37:37 DEBUG : rclone: Version "v1.51.0" finishing with parameters ["rclone" "copy" "c:/laragon/www/alixcannet/source/assets/media" "BackBlazeMulti:AlixSite" "--transfers=1" "-vv" "--log-file=c:/laragon/www/alixcannet/source/assets/rclone.log"]
2020/05/26 15:50:48 DEBUG : rclone: Version "v1.51.0" starting with parameters ["rclone" "copy" "c:/laragon/www/alixcannet/source/assets/media" "BackBlazeMulti:AlixSite" "--transfers=1" "-vv" "--log-file=c:/laragon/www/alixcannet/source/assets/rclone.log"]
2020/05/26 15:50:48 DEBUG : Using config file from "C:\\Users\\Orjinal\\.config\\rclone\\rclone.conf"
2020/05/26 15:50:50 INFO  : B2 bucket AlixSite: Waiting for checks to finish
2020/05/26 15:50:50 DEBUG : Screenshot_12.png: Size and modification time the same (differ by 0s, within tolerance 1ms)
2020/05/26 15:50:50 DEBUG : Screenshot_12.png: Unchanged skipping
2020/05/26 15:50:50 DEBUG : post-cover-image-2.png: Size and modification time the same (differ by 0s, within tolerance 1ms)
2020/05/26 15:50:50 DEBUG : post-cover-image-2.png: Unchanged skipping
2020/05/26 15:50:50 INFO  : B2 bucket AlixSite: Waiting for transfers to finish
2020/05/26 15:50:50 INFO  : 
Transferred:   	         0 / 0 Bytes, -, 0 Bytes/s, ETA -
Checks:                 2 / 2, 100%
Elapsed time:         0.0s

2020/05/26 15:50:50 DEBUG : 7 go routines active
2020/05/26 15:50:50 DEBUG : rclone: Version "v1.51.0" finishing with parameters ["rclone" "copy" "c:/laragon/www/alixcannet/source/assets/media" "BackBlazeMulti:AlixSite" "--transfers=1" "-vv" "--log-file=c:/laragon/www/alixcannet/source/assets/rclone.log"]
2020/05/26 15:51:11 DEBUG : rclone: Version "v1.51.0" starting with parameters ["rclone" "copy" "c:/laragon/www/alixcannet/source/assets/media" "BackBlazeMulti:AlixSite" "--transfers=1" "-vv" "--log-file=c:/laragon/www/alixcannet/source/assets/rclone.log"]
2020/05/26 15:51:11 DEBUG : Using config file from "C:\\Users\\Orjinal\\.config\\rclone\\rclone.conf"
2020/05/26 15:51:13 INFO  : B2 bucket AlixSite: Waiting for checks to finish
2020/05/26 15:51:13 DEBUG : Screenshot_12.png: Size and modification time the same (differ by 0s, within tolerance 1ms)
2020/05/26 15:51:13 DEBUG : Screenshot_12.png: Unchanged skipping
2020/05/26 15:51:13 DEBUG : post-cover-image-2.png: Size and modification time the same (differ by 0s, within tolerance 1ms)
2020/05/26 15:51:13 DEBUG : post-cover-image-2.png: Unchanged skipping
2020/05/26 15:51:13 INFO  : B2 bucket AlixSite: Waiting for transfers to finish
2020/05/26 15:51:13 INFO  : 
Transferred:   	         0 / 0 Bytes, -, 0 Bytes/s, ETA -
Checks:                 2 / 2, 100%
Elapsed time:         0.0s

2020/05/26 15:51:13 DEBUG : 7 go routines active
2020/05/26 15:51:13 DEBUG : rclone: Version "v1.51.0" finishing with parameters ["rclone" "copy" "c:/laragon/www/alixcannet/source/assets/media" "BackBlazeMulti:AlixSite" "--transfers=1" "-vv" "--log-file=c:/laragon/www/alixcannet/source/assets/rclone.log"]
2020/05/26 15:51:39 DEBUG : rclone: Version "v1.51.0" starting with parameters ["rclone" "copy" "c:/laragon/www/alixcannet/source/assets/media" "BackBlazeMulti:AlixSite" "--transfers=1" "-vv" "--log-file=c:/laragon/www/alixcannet/source/assets/rclone.log"]
2020/05/26 15:51:39 DEBUG : Using config file from "C:\\Users\\Orjinal\\.config\\rclone\\rclone.conf"
2020/05/26 15:51:40 INFO  : B2 bucket AlixSite: Waiting for checks to finish
2020/05/26 15:51:40 DEBUG : Screenshot_12.png: Size and modification time the same (differ by 0s, within tolerance 1ms)
2020/05/26 15:51:40 DEBUG : Screenshot_12.png: Unchanged skipping
2020/05/26 15:51:40 DEBUG : post-cover-image-2.png: Size and modification time the same (differ by 0s, within tolerance 1ms)
2020/05/26 15:51:40 DEBUG : post-cover-image-2.png: Unchanged skipping
2020/05/26 15:51:40 INFO  : B2 bucket AlixSite: Waiting for transfers to finish
2020/05/26 15:51:40 INFO  : 
Transferred:   	         0 / 0 Bytes, -, 0 Bytes/s, ETA -
Checks:                 2 / 2, 100%
Elapsed time:         0.0s

2020/05/26 15:51:40 DEBUG : 7 go routines active
2020/05/26 15:51:40 DEBUG : rclone: Version "v1.51.0" finishing with parameters ["rclone" "copy" "c:/laragon/www/alixcannet/source/assets/media" "BackBlazeMulti:AlixSite" "--transfers=1" "-vv" "--log-file=c:/laragon/www/alixcannet/source/assets/rclone.log"]
2020/05/26 15:52:47 DEBUG : rclone: Version "v1.51.0" starting with parameters ["rclone" "copy" "c:/laragon/www/alixcannet/source/assets/media" "BackBlazeMulti:AlixSite" "--transfers=1" "-vv" "--log-file=c:/laragon/www/alixcannet/source/assets/rclone.log"]
2020/05/26 15:52:47 DEBUG : Using config file from "C:\\Users\\Orjinal\\.config\\rclone\\rclone.conf"
2020/05/26 15:52:49 INFO  : B2 bucket AlixSite: Waiting for checks to finish
2020/05/26 15:52:49 DEBUG : Screenshot_12.png: Size and modification time the same (differ by 0s, within tolerance 1ms)
2020/05/26 15:52:49 DEBUG : Screenshot_12.png: Unchanged skipping
2020/05/26 15:52:49 DEBUG : post-cover-image-2.png: Size and modification time the same (differ by 0s, within tolerance 1ms)
2020/05/26 15:52:49 DEBUG : post-cover-image-2.png: Unchanged skipping
2020/05/26 15:52:49 INFO  : B2 bucket AlixSite: Waiting for transfers to finish
2020/05/26 15:52:49 INFO  : 
Transferred:   	         0 / 0 Bytes, -, 0 Bytes/s, ETA -
Checks:                 2 / 2, 100%
Elapsed time:         0.0s

2020/05/26 15:52:49 DEBUG : 7 go routines active
2020/05/26 15:52:49 DEBUG : rclone: Version "v1.51.0" finishing with parameters ["rclone" "copy" "c:/laragon/www/alixcannet/source/assets/media" "BackBlazeMulti:AlixSite" "--transfers=1" "-vv" "--log-file=c:/laragon/www/alixcannet/source/assets/rclone.log"]
2020/05/26 15:53:08 DEBUG : rclone: Version "v1.51.0" starting with parameters ["rclone" "copy" "c:/laragon/www/alixcannet/source/assets/media" "BackBlazeMulti:AlixSite" "--transfers=1" "-vv" "--log-file=c:/laragon/www/alixcannet/source/assets/rclone.log"]
2020/05/26 15:53:08 DEBUG : Using config file from "C:\\Users\\Orjinal\\.config\\rclone\\rclone.conf"
2020/05/26 15:53:10 INFO  : B2 bucket AlixSite: Waiting for checks to finish
2020/05/26 15:53:10 DEBUG : Screenshot_12.png: Size and modification time the same (differ by 0s, within tolerance 1ms)
2020/05/26 15:53:10 DEBUG : Screenshot_12.png: Unchanged skipping
2020/05/26 15:53:10 DEBUG : post-cover-image-2.png: Size and modification time the same (differ by 0s, within tolerance 1ms)
2020/05/26 15:53:10 DEBUG : post-cover-image-2.png: Unchanged skipping
2020/05/26 15:53:10 INFO  : B2 bucket AlixSite: Waiting for transfers to finish
2020/05/26 15:53:10 INFO  : 
Transferred:   	         0 / 0 Bytes, -, 0 Bytes/s, ETA -
Checks:                 2 / 2, 100%
Elapsed time:         0.0s

2020/05/26 15:53:10 DEBUG : 7 go routines active
2020/05/26 15:53:10 DEBUG : rclone: Version "v1.51.0" finishing with parameters ["rclone" "copy" "c:/laragon/www/alixcannet/source/assets/media" "BackBlazeMulti:AlixSite" "--transfers=1" "-vv" "--log-file=c:/laragon/www/alixcannet/source/assets/rclone.log"]
2020/05/26 15:53:24 DEBUG : rclone: Version "v1.51.0" starting with parameters ["rclone" "copy" "c:/laragon/www/alixcannet/source/assets/media" "BackBlazeMulti:AlixSite" "--transfers=1" "-vv" "--log-file=c:/laragon/www/alixcannet/source/assets/rclone.log"]
2020/05/26 15:53:24 DEBUG : Using config file from "C:\\Users\\Orjinal\\.config\\rclone\\rclone.conf"
2020/05/26 15:53:26 INFO  : B2 bucket AlixSite: Waiting for checks to finish
2020/05/26 15:53:26 DEBUG : Screenshot_12.png: Size and modification time the same (differ by 0s, within tolerance 1ms)
2020/05/26 15:53:26 DEBUG : Screenshot_12.png: Unchanged skipping
2020/05/26 15:53:26 DEBUG : post-cover-image-2.png: Size and modification time the same (differ by 0s, within tolerance 1ms)
2020/05/26 15:53:26 DEBUG : post-cover-image-2.png: Unchanged skipping
2020/05/26 15:53:26 INFO  : B2 bucket AlixSite: Waiting for transfers to finish
2020/05/26 15:53:26 INFO  : 
Transferred:   	         0 / 0 Bytes, -, 0 Bytes/s, ETA -
Checks:                 2 / 2, 100%
Elapsed time:         0.0s

2020/05/26 15:53:26 DEBUG : 7 go routines active
2020/05/26 15:53:26 DEBUG : rclone: Version "v1.51.0" finishing with parameters ["rclone" "copy" "c:/laragon/www/alixcannet/source/assets/media" "BackBlazeMulti:AlixSite" "--transfers=1" "-vv" "--log-file=c:/laragon/www/alixcannet/source/assets/rclone.log"]
2020/05/26 15:54:26 DEBUG : rclone: Version "v1.51.0" starting with parameters ["rclone" "copy" "c:/laragon/www/alixcannet/source/assets/media" "BackBlazeMulti:AlixSite" "--transfers=1" "-vv" "--log-file=c:/laragon/www/alixcannet/source/assets/rclone.log"]
2020/05/26 15:54:26 DEBUG : Using config file from "C:\\Users\\Orjinal\\.config\\rclone\\rclone.conf"
2020/05/26 15:54:28 INFO  : B2 bucket AlixSite: Waiting for checks to finish
2020/05/26 15:54:28 DEBUG : Screenshot_12.png: Size and modification time the same (differ by 0s, within tolerance 1ms)
2020/05/26 15:54:28 DEBUG : Screenshot_12.png: Unchanged skipping
2020/05/26 15:54:28 DEBUG : post-cover-image-2.png: Size and modification time the same (differ by 0s, within tolerance 1ms)
2020/05/26 15:54:28 DEBUG : post-cover-image-2.png: Unchanged skipping
2020/05/26 15:54:28 INFO  : B2 bucket AlixSite: Waiting for transfers to finish
2020/05/26 15:54:28 INFO  : 
Transferred:   	         0 / 0 Bytes, -, 0 Bytes/s, ETA -
Checks:                 2 / 2, 100%
Elapsed time:         0.0s

2020/05/26 15:54:28 DEBUG : 7 go routines active
2020/05/26 15:54:28 DEBUG : rclone: Version "v1.51.0" finishing with parameters ["rclone" "copy" "c:/laragon/www/alixcannet/source/assets/media" "BackBlazeMulti:AlixSite" "--transfers=1" "-vv" "--log-file=c:/laragon/www/alixcannet/source/assets/rclone.log"]
2020/05/26 15:54:49 DEBUG : rclone: Version "v1.51.0" starting with parameters ["rclone" "copy" "c:/laragon/www/alixcannet/source/assets/media" "BackBlazeMulti:AlixSite" "--transfers=1" "-vv" "--log-file=c:/laragon/www/alixcannet/source/assets/rclone.log"]
2020/05/26 15:54:49 DEBUG : Using config file from "C:\\Users\\Orjinal\\.config\\rclone\\rclone.conf"
2020/05/26 15:54:51 INFO  : B2 bucket AlixSite: Waiting for checks to finish
2020/05/26 15:54:51 DEBUG : Screenshot_12.png: Size and modification time the same (differ by 0s, within tolerance 1ms)
2020/05/26 15:54:51 DEBUG : Screenshot_12.png: Unchanged skipping
2020/05/26 15:54:51 DEBUG : post-cover-image-2.png: Size and modification time the same (differ by 0s, within tolerance 1ms)
2020/05/26 15:54:51 DEBUG : post-cover-image-2.png: Unchanged skipping
2020/05/26 15:54:51 INFO  : B2 bucket AlixSite: Waiting for transfers to finish
2020/05/26 15:54:51 INFO  : 
Transferred:   	         0 / 0 Bytes, -, 0 Bytes/s, ETA -
Checks:                 2 / 2, 100%
Elapsed time:         0.0s

2020/05/26 15:54:51 DEBUG : 7 go routines active
2020/05/26 15:54:51 DEBUG : rclone: Version "v1.51.0" finishing with parameters ["rclone" "copy" "c:/laragon/www/alixcannet/source/assets/media" "BackBlazeMulti:AlixSite" "--transfers=1" "-vv" "--log-file=c:/laragon/www/alixcannet/source/assets/rclone.log"]
2020/05/26 15:56:26 DEBUG : rclone: Version "v1.51.0" starting with parameters ["rclone" "copy" "c:/laragon/www/alixcannet/source/assets/media" "BackBlazeMulti:AlixSite" "--transfers=1" "-vv" "--log-file=c:/laragon/www/alixcannet/source/assets/rclone.log"]
2020/05/26 15:56:26 DEBUG : Using config file from "C:\\Users\\Orjinal\\.config\\rclone\\rclone.conf"
2020/05/26 15:56:28 INFO  : B2 bucket AlixSite: Waiting for checks to finish
2020/05/26 15:56:28 DEBUG : Screenshot_12.png: Size and modification time the same (differ by 0s, within tolerance 1ms)
2020/05/26 15:56:28 DEBUG : Screenshot_12.png: Unchanged skipping
2020/05/26 15:56:28 DEBUG : post-cover-image-2.png: Size and modification time the same (differ by 0s, within tolerance 1ms)
2020/05/26 15:56:28 DEBUG : post-cover-image-2.png: Unchanged skipping
2020/05/26 15:56:28 INFO  : B2 bucket AlixSite: Waiting for transfers to finish
2020/05/26 15:56:28 INFO  : 
Transferred:   	         0 / 0 Bytes, -, 0 Bytes/s, ETA -
Checks:                 2 / 2, 100%
Elapsed time:         0.0s

2020/05/26 15:56:28 DEBUG : 7 go routines active
2020/05/26 15:56:28 DEBUG : rclone: Version "v1.51.0" finishing with parameters ["rclone" "copy" "c:/laragon/www/alixcannet/source/assets/media" "BackBlazeMulti:AlixSite" "--transfers=1" "-vv" "--log-file=c:/laragon/www/alixcannet/source/assets/rclone.log"]
2020/05/26 15:57:38 DEBUG : rclone: Version "v1.51.0" starting with parameters ["rclone" "copy" "c:/laragon/www/alixcannet/source/assets/media" "BackBlazeMulti:AlixSite" "--transfers=1" "-vv" "--log-file=c:/laragon/www/alixcannet/source/assets/rclone.log"]
2020/05/26 15:57:39 DEBUG : Using config file from "C:\\Users\\Orjinal\\.config\\rclone\\rclone.conf"
2020/05/26 15:57:40 INFO  : B2 bucket AlixSite: Waiting for checks to finish
2020/05/26 15:57:40 DEBUG : Screenshot_12.png: Size and modification time the same (differ by 0s, within tolerance 1ms)
2020/05/26 15:57:40 DEBUG : Screenshot_12.png: Unchanged skipping
2020/05/26 15:57:40 DEBUG : post-cover-image-2.png: Size and modification time the same (differ by 0s, within tolerance 1ms)
2020/05/26 15:57:40 DEBUG : post-cover-image-2.png: Unchanged skipping
2020/05/26 15:57:40 INFO  : B2 bucket AlixSite: Waiting for transfers to finish
2020/05/26 15:57:40 INFO  : 
Transferred:   	         0 / 0 Bytes, -, 0 Bytes/s, ETA -
Checks:                 2 / 2, 100%
Elapsed time:         0.0s

2020/05/26 15:57:40 DEBUG : 7 go routines active
2020/05/26 15:57:40 DEBUG : rclone: Version "v1.51.0" finishing with parameters ["rclone" "copy" "c:/laragon/www/alixcannet/source/assets/media" "BackBlazeMulti:AlixSite" "--transfers=1" "-vv" "--log-file=c:/laragon/www/alixcannet/source/assets/rclone.log"]
2020/05/26 15:58:55 DEBUG : rclone: Version "v1.51.0" starting with parameters ["rclone" "copy" "c:/laragon/www/alixcannet/source/assets/media" "BackBlazeMulti:AlixSite" "--transfers=1" "-vv" "--log-file=c:/laragon/www/alixcannet/source/assets/rclone.log"]
2020/05/26 15:58:55 DEBUG : Using config file from "C:\\Users\\Orjinal\\.config\\rclone\\rclone.conf"
2020/05/26 15:58:57 INFO  : B2 bucket AlixSite: Waiting for checks to finish
2020/05/26 15:58:57 DEBUG : Screenshot_12.png: Size and modification time the same (differ by 0s, within tolerance 1ms)
2020/05/26 15:58:57 DEBUG : Screenshot_12.png: Unchanged skipping
2020/05/26 15:58:57 DEBUG : post-cover-image-2.png: Size and modification time the same (differ by 0s, within tolerance 1ms)
2020/05/26 15:58:57 DEBUG : post-cover-image-2.png: Unchanged skipping
2020/05/26 15:58:57 INFO  : B2 bucket AlixSite: Waiting for transfers to finish
2020/05/26 15:58:57 INFO  : 
Transferred:   	         0 / 0 Bytes, -, 0 Bytes/s, ETA -
Checks:                 2 / 2, 100%
Elapsed time:         0.0s

2020/05/26 15:58:57 DEBUG : 7 go routines active
2020/05/26 15:58:57 DEBUG : rclone: Version "v1.51.0" finishing with parameters ["rclone" "copy" "c:/laragon/www/alixcannet/source/assets/media" "BackBlazeMulti:AlixSite" "--transfers=1" "-vv" "--log-file=c:/laragon/www/alixcannet/source/assets/rclone.log"]
2020/05/26 15:59:21 DEBUG : rclone: Version "v1.51.0" starting with parameters ["rclone" "copy" "c:/laragon/www/alixcannet/source/assets/media" "BackBlazeMulti:AlixSite" "--transfers=1" "-vv" "--log-file=c:/laragon/www/alixcannet/source/assets/rclone.log"]
2020/05/26 15:59:21 DEBUG : Using config file from "C:\\Users\\Orjinal\\.config\\rclone\\rclone.conf"
2020/05/26 15:59:22 INFO  : B2 bucket AlixSite: Waiting for checks to finish
2020/05/26 15:59:22 DEBUG : Screenshot_12.png: Size and modification time the same (differ by 0s, within tolerance 1ms)
2020/05/26 15:59:22 DEBUG : Screenshot_12.png: Unchanged skipping
2020/05/26 15:59:22 DEBUG : post-cover-image-2.png: Size and modification time the same (differ by 0s, within tolerance 1ms)
2020/05/26 15:59:22 DEBUG : post-cover-image-2.png: Unchanged skipping
2020/05/26 15:59:22 INFO  : B2 bucket AlixSite: Waiting for transfers to finish
2020/05/26 15:59:22 INFO  : 
Transferred:   	         0 / 0 Bytes, -, 0 Bytes/s, ETA -
Checks:                 2 / 2, 100%
Elapsed time:         0.0s

2020/05/26 15:59:22 DEBUG : 7 go routines active
2020/05/26 15:59:22 DEBUG : rclone: Version "v1.51.0" finishing with parameters ["rclone" "copy" "c:/laragon/www/alixcannet/source/assets/media" "BackBlazeMulti:AlixSite" "--transfers=1" "-vv" "--log-file=c:/laragon/www/alixcannet/source/assets/rclone.log"]
2020/05/26 16:00:04 DEBUG : rclone: Version "v1.51.0" starting with parameters ["rclone" "copy" "c:/laragon/www/alixcannet/source/assets/media" "BackBlazeMulti:AlixSite" "--transfers=1" "-vv" "--log-file=c:/laragon/www/alixcannet/source/assets/rclone.log"]
2020/05/26 16:00:04 DEBUG : Using config file from "C:\\Users\\Orjinal\\.config\\rclone\\rclone.conf"
2020/05/26 16:00:06 INFO  : B2 bucket AlixSite: Waiting for checks to finish
2020/05/26 16:00:06 DEBUG : Screenshot_12.png: Size and modification time the same (differ by 0s, within tolerance 1ms)
2020/05/26 16:00:06 DEBUG : Screenshot_12.png: Unchanged skipping
2020/05/26 16:00:06 DEBUG : post-cover-image-2.png: Size and modification time the same (differ by 0s, within tolerance 1ms)
2020/05/26 16:00:06 DEBUG : post-cover-image-2.png: Unchanged skipping
2020/05/26 16:00:06 INFO  : B2 bucket AlixSite: Waiting for transfers to finish
2020/05/26 16:00:06 INFO  : 
Transferred:   	         0 / 0 Bytes, -, 0 Bytes/s, ETA -
Checks:                 2 / 2, 100%
Elapsed time:         0.0s

2020/05/26 16:00:06 DEBUG : 7 go routines active
2020/05/26 16:00:06 DEBUG : rclone: Version "v1.51.0" finishing with parameters ["rclone" "copy" "c:/laragon/www/alixcannet/source/assets/media" "BackBlazeMulti:AlixSite" "--transfers=1" "-vv" "--log-file=c:/laragon/www/alixcannet/source/assets/rclone.log"]
2020/05/26 16:00:11 DEBUG : rclone: Version "v1.51.0" starting with parameters ["rclone" "copy" "c:/laragon/www/alixcannet/source/assets/media" "BackBlazeMulti:AlixSite" "--transfers=1" "-vv" "--log-file=c:/laragon/www/alixcannet/source/assets/rclone.log"]
2020/05/26 16:00:11 DEBUG : Using config file from "C:\\Users\\Orjinal\\.config\\rclone\\rclone.conf"
2020/05/26 16:00:12 INFO  : B2 bucket AlixSite: Waiting for checks to finish
2020/05/26 16:00:12 DEBUG : Screenshot_12.png: Size and modification time the same (differ by 0s, within tolerance 1ms)
2020/05/26 16:00:12 DEBUG : Screenshot_12.png: Unchanged skipping
2020/05/26 16:00:12 DEBUG : post-cover-image-2.png: Size and modification time the same (differ by 0s, within tolerance 1ms)
2020/05/26 16:00:12 DEBUG : post-cover-image-2.png: Unchanged skipping
2020/05/26 16:00:12 INFO  : B2 bucket AlixSite: Waiting for transfers to finish
2020/05/26 16:00:12 INFO  : 
Transferred:   	         0 / 0 Bytes, -, 0 Bytes/s, ETA -
Checks:                 2 / 2, 100%
Elapsed time:         0.0s

2020/05/26 16:00:12 DEBUG : 7 go routines active
2020/05/26 16:00:12 DEBUG : rclone: Version "v1.51.0" finishing with parameters ["rclone" "copy" "c:/laragon/www/alixcannet/source/assets/media" "BackBlazeMulti:AlixSite" "--transfers=1" "-vv" "--log-file=c:/laragon/www/alixcannet/source/assets/rclone.log"]
2020/05/26 16:00:15 DEBUG : rclone: Version "v1.51.0" starting with parameters ["rclone" "copy" "c:/laragon/www/alixcannet/source/assets/media" "BackBlazeMulti:AlixSite" "--transfers=1" "-vv" "--log-file=c:/laragon/www/alixcannet/source/assets/rclone.log"]
2020/05/26 16:00:15 DEBUG : Using config file from "C:\\Users\\Orjinal\\.config\\rclone\\rclone.conf"
2020/05/26 16:00:17 INFO  : B2 bucket AlixSite: Waiting for checks to finish
2020/05/26 16:00:17 DEBUG : post-cover-image-2.png: Size and modification time the same (differ by 0s, within tolerance 1ms)
2020/05/26 16:00:17 DEBUG : Screenshot_12.png: Size and modification time the same (differ by 0s, within tolerance 1ms)
2020/05/26 16:00:17 DEBUG : Screenshot_12.png: Unchanged skipping
2020/05/26 16:00:17 DEBUG : post-cover-image-2.png: Unchanged skipping
2020/05/26 16:00:17 INFO  : B2 bucket AlixSite: Waiting for transfers to finish
2020/05/26 16:00:17 INFO  : 
Transferred:   	         0 / 0 Bytes, -, 0 Bytes/s, ETA -
Checks:                 2 / 2, 100%
Elapsed time:         0.0s

2020/05/26 16:00:17 DEBUG : 7 go routines active
2020/05/26 16:00:17 DEBUG : rclone: Version "v1.51.0" finishing with parameters ["rclone" "copy" "c:/laragon/www/alixcannet/source/assets/media" "BackBlazeMulti:AlixSite" "--transfers=1" "-vv" "--log-file=c:/laragon/www/alixcannet/source/assets/rclone.log"]
2020/05/26 16:02:28 DEBUG : rclone: Version "v1.51.0" starting with parameters ["rclone" "copy" "c:/laragon/www/alixcannet/source/assets/media" "BackBlazeMulti:AlixSite" "--transfers=1" "-vv" "--log-file=c:/laragon/www/alixcannet/source/assets/rclone.log"]
2020/05/26 16:02:28 DEBUG : Using config file from "C:\\Users\\Orjinal\\.config\\rclone\\rclone.conf"
2020/05/26 16:02:30 INFO  : B2 bucket AlixSite: Waiting for checks to finish
2020/05/26 16:02:30 DEBUG : post-cover-image-2.png: Size and modification time the same (differ by 0s, within tolerance 1ms)
2020/05/26 16:02:30 DEBUG : post-cover-image-2.png: Unchanged skipping
2020/05/26 16:02:30 DEBUG : Screenshot_12.png: Size and modification time the same (differ by 0s, within tolerance 1ms)
2020/05/26 16:02:30 DEBUG : Screenshot_12.png: Unchanged skipping
2020/05/26 16:02:30 INFO  : B2 bucket AlixSite: Waiting for transfers to finish
2020/05/26 16:02:30 INFO  : 
Transferred:   	         0 / 0 Bytes, -, 0 Bytes/s, ETA -
Checks:                 2 / 2, 100%
Elapsed time:         0.0s

2020/05/26 16:02:30 DEBUG : 7 go routines active
2020/05/26 16:02:30 DEBUG : rclone: Version "v1.51.0" finishing with parameters ["rclone" "copy" "c:/laragon/www/alixcannet/source/assets/media" "BackBlazeMulti:AlixSite" "--transfers=1" "-vv" "--log-file=c:/laragon/www/alixcannet/source/assets/rclone.log"]
2020/05/26 16:03:19 DEBUG : rclone: Version "v1.51.0" starting with parameters ["rclone" "copy" "c:/laragon/www/alixcannet/source/assets/media" "BackBlazeMulti:AlixSite" "--transfers=1" "-vv" "--log-file=c:/laragon/www/alixcannet/source/assets/rclone.log"]
2020/05/26 16:03:19 DEBUG : Using config file from "C:\\Users\\Orjinal\\.config\\rclone\\rclone.conf"
2020/05/26 16:03:21 INFO  : B2 bucket AlixSite: Waiting for checks to finish
2020/05/26 16:03:21 DEBUG : Screenshot_12.png: Size and modification time the same (differ by 0s, within tolerance 1ms)
2020/05/26 16:03:21 DEBUG : Screenshot_12.png: Unchanged skipping
2020/05/26 16:03:21 DEBUG : post-cover-image-2.png: Size and modification time the same (differ by 0s, within tolerance 1ms)
2020/05/26 16:03:21 DEBUG : post-cover-image-2.png: Unchanged skipping
2020/05/26 16:03:21 INFO  : B2 bucket AlixSite: Waiting for transfers to finish
2020/05/26 16:03:21 INFO  : 
Transferred:   	         0 / 0 Bytes, -, 0 Bytes/s, ETA -
Checks:                 2 / 2, 100%
Elapsed time:         0.0s

2020/05/26 16:03:21 DEBUG : 7 go routines active
2020/05/26 16:03:21 DEBUG : rclone: Version "v1.51.0" finishing with parameters ["rclone" "copy" "c:/laragon/www/alixcannet/source/assets/media" "BackBlazeMulti:AlixSite" "--transfers=1" "-vv" "--log-file=c:/laragon/www/alixcannet/source/assets/rclone.log"]
2020/05/26 16:03:41 DEBUG : rclone: Version "v1.51.0" starting with parameters ["rclone" "copy" "c:/laragon/www/alixcannet/source/assets/media" "BackBlazeMulti:AlixSite" "--transfers=1" "-vv" "--log-file=c:/laragon/www/alixcannet/source/assets/rclone.log"]
2020/05/26 16:03:41 DEBUG : Using config file from "C:\\Users\\Orjinal\\.config\\rclone\\rclone.conf"
2020/05/26 16:03:43 INFO  : B2 bucket AlixSite: Waiting for checks to finish
2020/05/26 16:03:43 DEBUG : Screenshot_12.png: Size and modification time the same (differ by 0s, within tolerance 1ms)
2020/05/26 16:03:43 DEBUG : Screenshot_12.png: Unchanged skipping
2020/05/26 16:03:43 DEBUG : post-cover-image-2.png: Size and modification time the same (differ by 0s, within tolerance 1ms)
2020/05/26 16:03:43 DEBUG : post-cover-image-2.png: Unchanged skipping
2020/05/26 16:03:43 INFO  : B2 bucket AlixSite: Waiting for transfers to finish
2020/05/26 16:03:43 INFO  : 
Transferred:   	         0 / 0 Bytes, -, 0 Bytes/s, ETA -
Checks:                 2 / 2, 100%
Elapsed time:         0.0s

2020/05/26 16:03:43 DEBUG : 7 go routines active
2020/05/26 16:03:43 DEBUG : rclone: Version "v1.51.0" finishing with parameters ["rclone" "copy" "c:/laragon/www/alixcannet/source/assets/media" "BackBlazeMulti:AlixSite" "--transfers=1" "-vv" "--log-file=c:/laragon/www/alixcannet/source/assets/rclone.log"]
2020/05/26 16:08:19 DEBUG : rclone: Version "v1.51.0" starting with parameters ["rclone" "copy" "c:/laragon/www/alixcannet/source/assets/media" "BackBlazeMulti:AlixSite" "--transfers=1" "-vv" "--log-file=c:/laragon/www/alixcannet/source/assets/rclone.log"]
2020/05/26 16:08:19 DEBUG : Using config file from "C:\\Users\\Orjinal\\.config\\rclone\\rclone.conf"
2020/05/26 16:08:21 INFO  : B2 bucket AlixSite: Waiting for checks to finish
2020/05/26 16:08:21 DEBUG : post-cover-image-2.png: Size and modification time the same (differ by 0s, within tolerance 1ms)
2020/05/26 16:08:21 DEBUG : post-cover-image-2.png: Unchanged skipping
2020/05/26 16:08:21 DEBUG : Screenshot_12.png: Size and modification time the same (differ by 0s, within tolerance 1ms)
2020/05/26 16:08:21 DEBUG : Screenshot_12.png: Unchanged skipping
2020/05/26 16:08:21 INFO  : B2 bucket AlixSite: Waiting for transfers to finish
2020/05/26 16:08:21 INFO  : 
Transferred:   	         0 / 0 Bytes, -, 0 Bytes/s, ETA -
Checks:                 2 / 2, 100%
Elapsed time:         0.0s

2020/05/26 16:08:21 DEBUG : 7 go routines active
2020/05/26 16:08:21 DEBUG : rclone: Version "v1.51.0" finishing with parameters ["rclone" "copy" "c:/laragon/www/alixcannet/source/assets/media" "BackBlazeMulti:AlixSite" "--transfers=1" "-vv" "--log-file=c:/laragon/www/alixcannet/source/assets/rclone.log"]
2020/05/26 16:08:45 DEBUG : rclone: Version "v1.51.0" starting with parameters ["rclone" "copy" "c:/laragon/www/alixcannet/source/assets/media" "BackBlazeMulti:AlixSite" "--transfers=1" "-vv" "--log-file=c:/laragon/www/alixcannet/source/assets/rclone.log"]
2020/05/26 16:08:45 DEBUG : Using config file from "C:\\Users\\Orjinal\\.config\\rclone\\rclone.conf"
2020/05/26 16:08:47 INFO  : B2 bucket AlixSite: Waiting for checks to finish
2020/05/26 16:08:47 DEBUG : Screenshot_12.png: Size and modification time the same (differ by 0s, within tolerance 1ms)
2020/05/26 16:08:47 DEBUG : Screenshot_12.png: Unchanged skipping
2020/05/26 16:08:47 DEBUG : post-cover-image-2.png: Size and modification time the same (differ by 0s, within tolerance 1ms)
2020/05/26 16:08:47 DEBUG : post-cover-image-2.png: Unchanged skipping
2020/05/26 16:08:47 INFO  : B2 bucket AlixSite: Waiting for transfers to finish
2020/05/26 16:08:47 INFO  : 
Transferred:   	         0 / 0 Bytes, -, 0 Bytes/s, ETA -
Checks:                 2 / 2, 100%
Elapsed time:         0.0s

2020/05/26 16:08:47 DEBUG : 7 go routines active
2020/05/26 16:08:47 DEBUG : rclone: Version "v1.51.0" finishing with parameters ["rclone" "copy" "c:/laragon/www/alixcannet/source/assets/media" "BackBlazeMulti:AlixSite" "--transfers=1" "-vv" "--log-file=c:/laragon/www/alixcannet/source/assets/rclone.log"]
2020/05/26 16:09:05 DEBUG : rclone: Version "v1.51.0" starting with parameters ["rclone" "copy" "c:/laragon/www/alixcannet/source/assets/media" "BackBlazeMulti:AlixSite" "--transfers=1" "-vv" "--log-file=c:/laragon/www/alixcannet/source/assets/rclone.log"]
2020/05/26 16:09:05 DEBUG : Using config file from "C:\\Users\\Orjinal\\.config\\rclone\\rclone.conf"
2020/05/26 16:09:06 INFO  : B2 bucket AlixSite: Waiting for checks to finish
2020/05/26 16:09:06 DEBUG : Screenshot_12.png: Size and modification time the same (differ by 0s, within tolerance 1ms)
2020/05/26 16:09:06 DEBUG : Screenshot_12.png: Unchanged skipping
2020/05/26 16:09:06 DEBUG : post-cover-image-2.png: Size and modification time the same (differ by 0s, within tolerance 1ms)
2020/05/26 16:09:06 DEBUG : post-cover-image-2.png: Unchanged skipping
2020/05/26 16:09:06 INFO  : B2 bucket AlixSite: Waiting for transfers to finish
2020/05/26 16:09:06 INFO  : 
Transferred:   	         0 / 0 Bytes, -, 0 Bytes/s, ETA -
Checks:                 2 / 2, 100%
Elapsed time:         0.0s

2020/05/26 16:09:06 DEBUG : 7 go routines active
2020/05/26 16:09:06 DEBUG : rclone: Version "v1.51.0" finishing with parameters ["rclone" "copy" "c:/laragon/www/alixcannet/source/assets/media" "BackBlazeMulti:AlixSite" "--transfers=1" "-vv" "--log-file=c:/laragon/www/alixcannet/source/assets/rclone.log"]
2020/05/26 16:09:09 DEBUG : rclone: Version "v1.51.0" starting with parameters ["rclone" "copy" "c:/laragon/www/alixcannet/source/assets/media" "BackBlazeMulti:AlixSite" "--transfers=1" "-vv" "--log-file=c:/laragon/www/alixcannet/source/assets/rclone.log"]
2020/05/26 16:09:09 DEBUG : Using config file from "C:\\Users\\Orjinal\\.config\\rclone\\rclone.conf"
2020/05/26 16:09:11 INFO  : B2 bucket AlixSite: Waiting for checks to finish
2020/05/26 16:09:11 DEBUG : Screenshot_12.png: Size and modification time the same (differ by 0s, within tolerance 1ms)
2020/05/26 16:09:11 DEBUG : Screenshot_12.png: Unchanged skipping
2020/05/26 16:09:11 DEBUG : post-cover-image-2.png: Size and modification time the same (differ by 0s, within tolerance 1ms)
2020/05/26 16:09:11 DEBUG : post-cover-image-2.png: Unchanged skipping
2020/05/26 16:09:11 INFO  : B2 bucket AlixSite: Waiting for transfers to finish
2020/05/26 16:09:11 INFO  : 
Transferred:   	         0 / 0 Bytes, -, 0 Bytes/s, ETA -
Checks:                 2 / 2, 100%
Elapsed time:         0.0s

2020/05/26 16:09:11 DEBUG : 7 go routines active
2020/05/26 16:09:11 DEBUG : rclone: Version "v1.51.0" finishing with parameters ["rclone" "copy" "c:/laragon/www/alixcannet/source/assets/media" "BackBlazeMulti:AlixSite" "--transfers=1" "-vv" "--log-file=c:/laragon/www/alixcannet/source/assets/rclone.log"]
2020/05/26 16:10:53 DEBUG : rclone: Version "v1.51.0" starting with parameters ["rclone" "copy" "c:/laragon/www/alixcannet/source/assets/media" "BackBlazeMulti:AlixSite" "--transfers=1" "-vv" "--log-file=c:/laragon/www/alixcannet/source/assets/rclone.log"]
2020/05/26 16:10:53 DEBUG : Using config file from "C:\\Users\\Orjinal\\.config\\rclone\\rclone.conf"
2020/05/26 16:10:55 INFO  : B2 bucket AlixSite: Waiting for checks to finish
2020/05/26 16:10:55 DEBUG : post-cover-image-2.png: Size and modification time the same (differ by 0s, within tolerance 1ms)
2020/05/26 16:10:55 DEBUG : post-cover-image-2.png: Unchanged skipping
2020/05/26 16:10:55 DEBUG : Screenshot_12.png: Size and modification time the same (differ by 0s, within tolerance 1ms)
2020/05/26 16:10:55 DEBUG : Screenshot_12.png: Unchanged skipping
2020/05/26 16:10:55 INFO  : B2 bucket AlixSite: Waiting for transfers to finish
2020/05/26 16:10:55 INFO  : 
Transferred:   	         0 / 0 Bytes, -, 0 Bytes/s, ETA -
Checks:                 2 / 2, 100%
Elapsed time:         0.0s

2020/05/26 16:10:55 DEBUG : 7 go routines active
2020/05/26 16:10:55 DEBUG : rclone: Version "v1.51.0" finishing with parameters ["rclone" "copy" "c:/laragon/www/alixcannet/source/assets/media" "BackBlazeMulti:AlixSite" "--transfers=1" "-vv" "--log-file=c:/laragon/www/alixcannet/source/assets/rclone.log"]
2020/05/26 16:12:24 DEBUG : rclone: Version "v1.51.0" starting with parameters ["rclone" "copy" "c:/laragon/www/alixcannet/source/assets/media" "BackBlazeMulti:AlixSite" "--transfers=1" "-vv" "--log-file=c:/laragon/www/alixcannet/source/assets/rclone.log"]
2020/05/26 16:12:25 DEBUG : Using config file from "C:\\Users\\Orjinal\\.config\\rclone\\rclone.conf"
2020/05/26 16:12:26 INFO  : B2 bucket AlixSite: Waiting for checks to finish
2020/05/26 16:12:26 DEBUG : Screenshot_12.png: Size and modification time the same (differ by 0s, within tolerance 1ms)
2020/05/26 16:12:26 DEBUG : Screenshot_12.png: Unchanged skipping
2020/05/26 16:12:26 DEBUG : post-cover-image-2.png: Size and modification time the same (differ by 0s, within tolerance 1ms)
2020/05/26 16:12:26 DEBUG : post-cover-image-2.png: Unchanged skipping
2020/05/26 16:12:26 INFO  : B2 bucket AlixSite: Waiting for transfers to finish
2020/05/26 16:12:26 INFO  : 
Transferred:   	         0 / 0 Bytes, -, 0 Bytes/s, ETA -
Checks:                 2 / 2, 100%
Elapsed time:         0.0s

2020/05/26 16:12:26 DEBUG : 7 go routines active
2020/05/26 16:12:26 DEBUG : rclone: Version "v1.51.0" finishing with parameters ["rclone" "copy" "c:/laragon/www/alixcannet/source/assets/media" "BackBlazeMulti:AlixSite" "--transfers=1" "-vv" "--log-file=c:/laragon/www/alixcannet/source/assets/rclone.log"]
2020/05/26 16:12:47 DEBUG : rclone: Version "v1.51.0" starting with parameters ["rclone" "copy" "c:/laragon/www/alixcannet/source/assets/media" "BackBlazeMulti:AlixSite" "--transfers=1" "-vv" "--log-file=c:/laragon/www/alixcannet/source/assets/rclone.log"]
2020/05/26 16:12:47 DEBUG : Using config file from "C:\\Users\\Orjinal\\.config\\rclone\\rclone.conf"
2020/05/26 16:12:49 INFO  : B2 bucket AlixSite: Waiting for checks to finish
2020/05/26 16:12:49 DEBUG : Screenshot_12.png: Size and modification time the same (differ by 0s, within tolerance 1ms)
2020/05/26 16:12:49 DEBUG : Screenshot_12.png: Unchanged skipping
2020/05/26 16:12:49 DEBUG : post-cover-image-2.png: Size and modification time the same (differ by 0s, within tolerance 1ms)
2020/05/26 16:12:49 DEBUG : post-cover-image-2.png: Unchanged skipping
2020/05/26 16:12:49 INFO  : B2 bucket AlixSite: Waiting for transfers to finish
2020/05/26 16:12:49 INFO  : 
Transferred:   	         0 / 0 Bytes, -, 0 Bytes/s, ETA -
Checks:                 2 / 2, 100%
Elapsed time:         0.0s

2020/05/26 16:12:49 DEBUG : 7 go routines active
2020/05/26 16:12:49 DEBUG : rclone: Version "v1.51.0" finishing with parameters ["rclone" "copy" "c:/laragon/www/alixcannet/source/assets/media" "BackBlazeMulti:AlixSite" "--transfers=1" "-vv" "--log-file=c:/laragon/www/alixcannet/source/assets/rclone.log"]
2020/05/26 16:12:56 DEBUG : rclone: Version "v1.51.0" starting with parameters ["rclone" "copy" "c:/laragon/www/alixcannet/source/assets/media" "BackBlazeMulti:AlixSite" "--transfers=1" "-vv" "--log-file=c:/laragon/www/alixcannet/source/assets/rclone.log"]
2020/05/26 16:12:56 DEBUG : Using config file from "C:\\Users\\Orjinal\\.config\\rclone\\rclone.conf"
2020/05/26 16:12:58 INFO  : B2 bucket AlixSite: Waiting for checks to finish
2020/05/26 16:12:58 DEBUG : Screenshot_12.png: Size and modification time the same (differ by 0s, within tolerance 1ms)
2020/05/26 16:12:58 DEBUG : Screenshot_12.png: Unchanged skipping
2020/05/26 16:12:58 DEBUG : post-cover-image-2.png: Size and modification time the same (differ by 0s, within tolerance 1ms)
2020/05/26 16:12:58 DEBUG : post-cover-image-2.png: Unchanged skipping
2020/05/26 16:12:58 INFO  : B2 bucket AlixSite: Waiting for transfers to finish
2020/05/26 16:12:58 INFO  : 
Transferred:   	         0 / 0 Bytes, -, 0 Bytes/s, ETA -
Checks:                 2 / 2, 100%
Elapsed time:         0.0s

2020/05/26 16:12:58 DEBUG : 7 go routines active
2020/05/26 16:12:58 DEBUG : rclone: Version "v1.51.0" finishing with parameters ["rclone" "copy" "c:/laragon/www/alixcannet/source/assets/media" "BackBlazeMulti:AlixSite" "--transfers=1" "-vv" "--log-file=c:/laragon/www/alixcannet/source/assets/rclone.log"]
2020/05/26 16:13:19 DEBUG : rclone: Version "v1.51.0" starting with parameters ["rclone" "copy" "c:/laragon/www/alixcannet/source/assets/media" "BackBlazeMulti:AlixSite" "--transfers=1" "-vv" "--log-file=c:/laragon/www/alixcannet/source/assets/rclone.log"]
2020/05/26 16:13:19 DEBUG : Using config file from "C:\\Users\\Orjinal\\.config\\rclone\\rclone.conf"
2020/05/26 16:13:21 INFO  : B2 bucket AlixSite: Waiting for checks to finish
2020/05/26 16:13:21 DEBUG : Screenshot_12.png: Size and modification time the same (differ by 0s, within tolerance 1ms)
2020/05/26 16:13:21 DEBUG : Screenshot_12.png: Unchanged skipping
2020/05/26 16:13:21 DEBUG : post-cover-image-2.png: Size and modification time the same (differ by 0s, within tolerance 1ms)
2020/05/26 16:13:21 DEBUG : post-cover-image-2.png: Unchanged skipping
2020/05/26 16:13:21 INFO  : B2 bucket AlixSite: Waiting for transfers to finish
2020/05/26 16:13:21 INFO  : 
Transferred:   	         0 / 0 Bytes, -, 0 Bytes/s, ETA -
Checks:                 2 / 2, 100%
Elapsed time:         0.0s

2020/05/26 16:13:21 DEBUG : 7 go routines active
2020/05/26 16:13:21 DEBUG : rclone: Version "v1.51.0" finishing with parameters ["rclone" "copy" "c:/laragon/www/alixcannet/source/assets/media" "BackBlazeMulti:AlixSite" "--transfers=1" "-vv" "--log-file=c:/laragon/www/alixcannet/source/assets/rclone.log"]
2020/05/26 16:14:24 DEBUG : rclone: Version "v1.51.0" starting with parameters ["rclone" "copy" "c:/laragon/www/alixcannet/source/assets/media" "BackBlazeMulti:AlixSite" "--transfers=1" "-vv" "--log-file=c:/laragon/www/alixcannet/source/assets/rclone.log"]
2020/05/26 16:14:24 DEBUG : Using config file from "C:\\Users\\Orjinal\\.config\\rclone\\rclone.conf"
2020/05/26 16:14:26 INFO  : B2 bucket AlixSite: Waiting for checks to finish
2020/05/26 16:14:26 DEBUG : post-cover-image-2.png: Size and modification time the same (differ by 0s, within tolerance 1ms)
2020/05/26 16:14:26 DEBUG : post-cover-image-2.png: Unchanged skipping
2020/05/26 16:14:26 DEBUG : Screenshot_12.png: Size and modification time the same (differ by 0s, within tolerance 1ms)
2020/05/26 16:14:26 DEBUG : Screenshot_12.png: Unchanged skipping
2020/05/26 16:14:26 INFO  : B2 bucket AlixSite: Waiting for transfers to finish
2020/05/26 16:14:26 INFO  : 
Transferred:   	         0 / 0 Bytes, -, 0 Bytes/s, ETA -
Checks:                 2 / 2, 100%
Elapsed time:         0.0s

2020/05/26 16:14:26 DEBUG : 7 go routines active
2020/05/26 16:14:26 DEBUG : rclone: Version "v1.51.0" finishing with parameters ["rclone" "copy" "c:/laragon/www/alixcannet/source/assets/media" "BackBlazeMulti:AlixSite" "--transfers=1" "-vv" "--log-file=c:/laragon/www/alixcannet/source/assets/rclone.log"]
2020/05/26 16:16:35 DEBUG : rclone: Version "v1.51.0" starting with parameters ["rclone" "copy" "c:/laragon/www/alixcannet/source/assets/media" "BackBlazeMulti:AlixSite" "--transfers=1" "-vv" "--log-file=c:/laragon/www/alixcannet/source/assets/rclone.log"]
2020/05/26 16:16:35 DEBUG : Using config file from "C:\\Users\\Orjinal\\.config\\rclone\\rclone.conf"
2020/05/26 16:16:37 INFO  : B2 bucket AlixSite: Waiting for checks to finish
2020/05/26 16:16:37 DEBUG : Screenshot_12.png: Size and modification time the same (differ by 0s, within tolerance 1ms)
2020/05/26 16:16:37 DEBUG : Screenshot_12.png: Unchanged skipping
2020/05/26 16:16:37 DEBUG : post-cover-image-2.png: Size and modification time the same (differ by 0s, within tolerance 1ms)
2020/05/26 16:16:37 DEBUG : post-cover-image-2.png: Unchanged skipping
2020/05/26 16:16:37 INFO  : B2 bucket AlixSite: Waiting for transfers to finish
2020/05/26 16:16:37 INFO  : 
Transferred:   	         0 / 0 Bytes, -, 0 Bytes/s, ETA -
Checks:                 2 / 2, 100%
Elapsed time:         0.0s

2020/05/26 16:16:37 DEBUG : 7 go routines active
2020/05/26 16:16:37 DEBUG : rclone: Version "v1.51.0" finishing with parameters ["rclone" "copy" "c:/laragon/www/alixcannet/source/assets/media" "BackBlazeMulti:AlixSite" "--transfers=1" "-vv" "--log-file=c:/laragon/www/alixcannet/source/assets/rclone.log"]
2020/05/26 16:18:47 DEBUG : rclone: Version "v1.51.0" starting with parameters ["rclone" "copy" "c:/laragon/www/alixcannet/source/assets/media" "BackBlazeMulti:AlixSite" "--transfers=1" "-vv" "--log-file=c:/laragon/www/alixcannet/source/assets/rclone.log"]
2020/05/26 16:18:47 DEBUG : Using config file from "C:\\Users\\Orjinal\\.config\\rclone\\rclone.conf"
2020/05/26 16:18:49 INFO  : B2 bucket AlixSite: Waiting for checks to finish
2020/05/26 16:18:49 DEBUG : Screenshot_12.png: Size and modification time the same (differ by 0s, within tolerance 1ms)
2020/05/26 16:18:49 DEBUG : Screenshot_12.png: Unchanged skipping
2020/05/26 16:18:49 DEBUG : post-cover-image-2.png: Size and modification time the same (differ by 0s, within tolerance 1ms)
2020/05/26 16:18:49 DEBUG : post-cover-image-2.png: Unchanged skipping
2020/05/26 16:18:49 INFO  : B2 bucket AlixSite: Waiting for transfers to finish
2020/05/26 16:18:49 INFO  : 
Transferred:   	         0 / 0 Bytes, -, 0 Bytes/s, ETA -
Checks:                 2 / 2, 100%
Elapsed time:         0.0s

2020/05/26 16:18:49 DEBUG : 7 go routines active
2020/05/26 16:18:49 DEBUG : rclone: Version "v1.51.0" finishing with parameters ["rclone" "copy" "c:/laragon/www/alixcannet/source/assets/media" "BackBlazeMulti:AlixSite" "--transfers=1" "-vv" "--log-file=c:/laragon/www/alixcannet/source/assets/rclone.log"]
2020/05/26 16:19:03 DEBUG : rclone: Version "v1.51.0" starting with parameters ["rclone" "copy" "c:/laragon/www/alixcannet/source/assets/media" "BackBlazeMulti:AlixSite" "--transfers=1" "-vv" "--log-file=c:/laragon/www/alixcannet/source/assets/rclone.log"]
2020/05/26 16:19:03 DEBUG : Using config file from "C:\\Users\\Orjinal\\.config\\rclone\\rclone.conf"
2020/05/26 16:19:04 INFO  : B2 bucket AlixSite: Waiting for checks to finish
2020/05/26 16:19:04 DEBUG : Screenshot_12.png: Size and modification time the same (differ by 0s, within tolerance 1ms)
2020/05/26 16:19:04 DEBUG : Screenshot_12.png: Unchanged skipping
2020/05/26 16:19:04 DEBUG : post-cover-image-2.png: Size and modification time the same (differ by 0s, within tolerance 1ms)
2020/05/26 16:19:04 DEBUG : post-cover-image-2.png: Unchanged skipping
2020/05/26 16:19:04 INFO  : B2 bucket AlixSite: Waiting for transfers to finish
2020/05/26 16:19:04 INFO  : 
Transferred:   	         0 / 0 Bytes, -, 0 Bytes/s, ETA -
Checks:                 2 / 2, 100%
Elapsed time:         0.0s

2020/05/26 16:19:04 DEBUG : 7 go routines active
2020/05/26 16:19:04 DEBUG : rclone: Version "v1.51.0" finishing with parameters ["rclone" "copy" "c:/laragon/www/alixcannet/source/assets/media" "BackBlazeMulti:AlixSite" "--transfers=1" "-vv" "--log-file=c:/laragon/www/alixcannet/source/assets/rclone.log"]
2020/05/26 16:25:33 DEBUG : rclone: Version "v1.51.0" starting with parameters ["rclone" "copy" "c:/laragon/www/alixcannet/source/assets/media" "BackBlazeMulti:AlixSite" "--transfers=1" "-vv" "--log-file=c:/laragon/www/alixcannet/source/assets/rclone.log"]
2020/05/26 16:25:33 DEBUG : Using config file from "C:\\Users\\Orjinal\\.config\\rclone\\rclone.conf"
2020/05/26 16:25:35 INFO  : B2 bucket AlixSite: Waiting for checks to finish
2020/05/26 16:25:35 DEBUG : Screenshot_12.png: Size and modification time the same (differ by 0s, within tolerance 1ms)
2020/05/26 16:25:35 DEBUG : Screenshot_12.png: Unchanged skipping
2020/05/26 16:25:35 DEBUG : post-cover-image-2.png: Size and modification time the same (differ by 0s, within tolerance 1ms)
2020/05/26 16:25:35 DEBUG : post-cover-image-2.png: Unchanged skipping
2020/05/26 16:25:35 INFO  : B2 bucket AlixSite: Waiting for transfers to finish
2020/05/26 16:25:35 INFO  : 
Transferred:   	         0 / 0 Bytes, -, 0 Bytes/s, ETA -
Checks:                 2 / 2, 100%
Elapsed time:         0.0s

2020/05/26 16:25:35 DEBUG : 7 go routines active
2020/05/26 16:25:35 DEBUG : rclone: Version "v1.51.0" finishing with parameters ["rclone" "copy" "c:/laragon/www/alixcannet/source/assets/media" "BackBlazeMulti:AlixSite" "--transfers=1" "-vv" "--log-file=c:/laragon/www/alixcannet/source/assets/rclone.log"]
2020/05/26 16:26:08 DEBUG : rclone: Version "v1.51.0" starting with parameters ["rclone" "copy" "c:/laragon/www/alixcannet/source/assets/media" "BackBlazeMulti:AlixSite" "--transfers=1" "-vv" "--log-file=c:/laragon/www/alixcannet/source/assets/rclone.log"]
2020/05/26 16:26:08 DEBUG : Using config file from "C:\\Users\\Orjinal\\.config\\rclone\\rclone.conf"
2020/05/26 16:26:10 INFO  : B2 bucket AlixSite: Waiting for checks to finish
2020/05/26 16:26:10 DEBUG : Screenshot_12.png: Size and modification time the same (differ by 0s, within tolerance 1ms)
2020/05/26 16:26:10 DEBUG : post-cover-image-2.png: Size and modification time the same (differ by 0s, within tolerance 1ms)
2020/05/26 16:26:10 DEBUG : post-cover-image-2.png: Unchanged skipping
2020/05/26 16:26:10 DEBUG : Screenshot_12.png: Unchanged skipping
2020/05/26 16:26:10 INFO  : B2 bucket AlixSite: Waiting for transfers to finish
2020/05/26 16:26:10 INFO  : 
Transferred:   	         0 / 0 Bytes, -, 0 Bytes/s, ETA -
Checks:                 2 / 2, 100%
Elapsed time:         0.0s

2020/05/26 16:26:10 DEBUG : 7 go routines active
2020/05/26 16:26:10 DEBUG : rclone: Version "v1.51.0" finishing with parameters ["rclone" "copy" "c:/laragon/www/alixcannet/source/assets/media" "BackBlazeMulti:AlixSite" "--transfers=1" "-vv" "--log-file=c:/laragon/www/alixcannet/source/assets/rclone.log"]
2020/05/26 16:54:59 DEBUG : rclone: Version "v1.51.0" starting with parameters ["rclone" "copy" "c:/laragon/www/alixcannet/source/assets/media" "BackBlazeMulti:AlixSite" "--transfers=1" "-vv" "--log-file=c:/laragon/www/alixcannet/source/assets/rclone.log"]
2020/05/26 16:54:59 DEBUG : Using config file from "C:\\Users\\Orjinal\\.config\\rclone\\rclone.conf"
2020/05/26 16:55:01 INFO  : B2 bucket AlixSite: Waiting for checks to finish
2020/05/26 16:55:01 DEBUG : post-cover-image-2.png: Size and modification time the same (differ by 0s, within tolerance 1ms)
2020/05/26 16:55:01 DEBUG : post-cover-image-2.png: Unchanged skipping
2020/05/26 16:55:01 DEBUG : Screenshot_12.png: Size and modification time the same (differ by 0s, within tolerance 1ms)
2020/05/26 16:55:01 DEBUG : Screenshot_12.png: Unchanged skipping
2020/05/26 16:55:01 INFO  : B2 bucket AlixSite: Waiting for transfers to finish
2020/05/26 16:55:01 INFO  : 
Transferred:   	         0 / 0 Bytes, -, 0 Bytes/s, ETA -
Checks:                 2 / 2, 100%
Elapsed time:         0.0s

2020/05/26 16:55:01 DEBUG : 7 go routines active
2020/05/26 16:55:01 DEBUG : rclone: Version "v1.51.0" finishing with parameters ["rclone" "copy" "c:/laragon/www/alixcannet/source/assets/media" "BackBlazeMulti:AlixSite" "--transfers=1" "-vv" "--log-file=c:/laragon/www/alixcannet/source/assets/rclone.log"]
2020/05/26 16:58:13 DEBUG : rclone: Version "v1.51.0" starting with parameters ["rclone" "copy" "c:/laragon/www/alixcannet/source/assets/media" "BackBlazeMulti:AlixSite" "--transfers=1" "-vv" "--log-file=c:/laragon/www/alixcannet/source/assets/rclone.log"]
2020/05/26 16:58:13 DEBUG : Using config file from "C:\\Users\\Orjinal\\.config\\rclone\\rclone.conf"
2020/05/26 16:58:15 INFO  : B2 bucket AlixSite: Waiting for checks to finish
2020/05/26 16:58:15 DEBUG : Screenshot_12.png: Size and modification time the same (differ by 0s, within tolerance 1ms)
2020/05/26 16:58:15 DEBUG : Screenshot_12.png: Unchanged skipping
2020/05/26 16:58:15 DEBUG : post-cover-image-2.png: Size and modification time the same (differ by 0s, within tolerance 1ms)
2020/05/26 16:58:15 DEBUG : post-cover-image-2.png: Unchanged skipping
2020/05/26 16:58:15 INFO  : B2 bucket AlixSite: Waiting for transfers to finish
2020/05/26 16:58:15 INFO  : 
Transferred:   	         0 / 0 Bytes, -, 0 Bytes/s, ETA -
Checks:                 2 / 2, 100%
Elapsed time:         0.0s

2020/05/26 16:58:15 DEBUG : 7 go routines active
2020/05/26 16:58:15 DEBUG : rclone: Version "v1.51.0" finishing with parameters ["rclone" "copy" "c:/laragon/www/alixcannet/source/assets/media" "BackBlazeMulti:AlixSite" "--transfers=1" "-vv" "--log-file=c:/laragon/www/alixcannet/source/assets/rclone.log"]
2020/05/26 17:05:56 DEBUG : rclone: Version "v1.51.0" starting with parameters ["rclone" "copy" "c:/laragon/www/alixcannet/source/assets/media" "BackBlazeMulti:AlixSite" "--transfers=1" "-vv" "--log-file=c:/laragon/www/alixcannet/source/assets/rclone.log"]
2020/05/26 17:05:56 DEBUG : Using config file from "C:\\Users\\Orjinal\\.config\\rclone\\rclone.conf"
2020/05/26 17:05:58 DEBUG : Screenshot_12.png: Size and modification time the same (differ by 0s, within tolerance 1ms)
2020/05/26 17:05:58 DEBUG : Screenshot_12.png: Unchanged skipping
2020/05/26 17:05:58 DEBUG : post-cover-image-2.png: Size and modification time the same (differ by 0s, within tolerance 1ms)
2020/05/26 17:05:58 DEBUG : post-cover-image-2.png: Unchanged skipping
2020/05/26 17:05:58 INFO  : B2 bucket AlixSite: Waiting for checks to finish
2020/05/26 17:05:58 INFO  : B2 bucket AlixSite: Waiting for transfers to finish
2020/05/26 17:05:58 INFO  : 
Transferred:   	         0 / 0 Bytes, -, 0 Bytes/s, ETA -
Checks:                 2 / 2, 100%
Elapsed time:         0.0s

2020/05/26 17:05:58 DEBUG : 8 go routines active
2020/05/26 17:05:58 DEBUG : rclone: Version "v1.51.0" finishing with parameters ["rclone" "copy" "c:/laragon/www/alixcannet/source/assets/media" "BackBlazeMulti:AlixSite" "--transfers=1" "-vv" "--log-file=c:/laragon/www/alixcannet/source/assets/rclone.log"]
2020/05/26 17:18:50 DEBUG : rclone: Version "v1.51.0" starting with parameters ["rclone" "copy" "c:/laragon/www/alixcannet/source/assets/media" "BackBlazeMulti:AlixSite" "--transfers=1" "-vv" "--log-file=c:/laragon/www/alixcannet/source/assets/rclone.log"]
2020/05/26 17:18:50 DEBUG : Using config file from "C:\\Users\\Orjinal\\.config\\rclone\\rclone.conf"
2020/05/26 17:18:52 INFO  : B2 bucket AlixSite: Waiting for checks to finish
2020/05/26 17:18:52 DEBUG : post-cover-image-2.png: Size and modification time the same (differ by 0s, within tolerance 1ms)
2020/05/26 17:18:52 DEBUG : post-cover-image-2.png: Unchanged skipping
2020/05/26 17:18:52 DEBUG : Screenshot_12.png: Size and modification time the same (differ by 0s, within tolerance 1ms)
2020/05/26 17:18:52 DEBUG : Screenshot_12.png: Unchanged skipping
2020/05/26 17:18:52 INFO  : B2 bucket AlixSite: Waiting for transfers to finish
2020/05/26 17:18:52 INFO  : 
Transferred:   	         0 / 0 Bytes, -, 0 Bytes/s, ETA -
Checks:                 2 / 2, 100%
Elapsed time:         0.0s

2020/05/26 17:18:52 DEBUG : 7 go routines active
2020/05/26 17:18:52 DEBUG : rclone: Version "v1.51.0" finishing with parameters ["rclone" "copy" "c:/laragon/www/alixcannet/source/assets/media" "BackBlazeMulti:AlixSite" "--transfers=1" "-vv" "--log-file=c:/laragon/www/alixcannet/source/assets/rclone.log"]
